2022-02-25 07:58:21,901 INFO o.a.j.u.JMeterUtils: Setting Locale to en_US
2022-02-25 07:58:21,925 INFO o.a.j.JMeter: Loading user properties from: user.properties
2022-02-25 07:58:21,926 INFO o.a.j.JMeter: Loading system properties from: system.properties
2022-02-25 07:58:21,928 INFO o.a.j.JMeter: Copyright (c) 1998-2020 The Apache Software Foundation
2022-02-25 07:58:21,928 INFO o.a.j.JMeter: Version 5.3
2022-02-25 07:58:21,928 INFO o.a.j.JMeter: java.version=1.8.0_321
2022-02-25 07:58:21,929 INFO o.a.j.JMeter: java.vm.name=Java HotSpot(TM) 64-Bit Server VM
2022-02-25 07:58:21,929 INFO o.a.j.JMeter: os.name=Windows 10
2022-02-25 07:58:21,929 INFO o.a.j.JMeter: os.arch=amd64
2022-02-25 07:58:21,929 INFO o.a.j.JMeter: os.version=10.0
2022-02-25 07:58:21,929 INFO o.a.j.JMeter: file.encoding=Cp1252
2022-02-25 07:58:21,929 INFO o.a.j.JMeter: java.awt.headless=null
2022-02-25 07:58:21,929 INFO o.a.j.JMeter: Max memory     =1883242496
2022-02-25 07:58:21,930 INFO o.a.j.JMeter: Available Processors =4
2022-02-25 07:58:21,940 INFO o.a.j.JMeter: Default Locale=English (United States)
2022-02-25 07:58:21,940 INFO o.a.j.JMeter: JMeter  Locale=English (United States)
2022-02-25 07:58:21,941 INFO o.a.j.JMeter: JMeterHome=D:\ATG_Project\apache-jmeter-5.3
2022-02-25 07:58:21,941 INFO o.a.j.JMeter: user.dir  =D:\ATG_Project\apache-jmeter-5.3\bin
2022-02-25 07:58:21,941 INFO o.a.j.JMeter: PWD       =D:\ATG_Project\apache-jmeter-5.3\bin
2022-02-25 07:58:21,943 INFO o.a.j.JMeter: IP: 192.168.1.8 Name: SCS-MC54 FullName: SCS-MC54.harbinger.in
2022-02-25 07:58:22,131 INFO o.a.j.JMeter: Setting LAF to: laf:javax.swing.plaf.metal.MetalLookAndFeel
2022-02-25 07:58:22,393 INFO o.a.j.JMeter: Loaded icon properties from org/apache/jmeter/images/icon.properties
2022-02-25 07:58:27,275 WARN o.j.r.PluginManager: Found JAR conflict: D:\ATG_Project\apache-jmeter-5.3\lib\ext\jmeter-parallel-0.9.jar and D:\ATG_Project\apache-jmeter-5.3\lib\ext\jmeter-parallel-0.11.jar
2022-02-25 07:58:28,055 INFO o.a.j.JMeter: Loading file: D:\ATG_Project\apache-jmeter-5.3\bin\Scripts\DCM\DCP_StudentDashboard_22Oct.jmx
2022-02-25 07:58:28,058 INFO o.a.j.s.FileServer: Default base='D:\ATG_Project\apache-jmeter-5.3\bin'
2022-02-25 07:58:28,061 INFO o.a.j.s.FileServer: Set new base='D:\ATG_Project\apache-jmeter-5.3\bin\Scripts\DCM'
2022-02-25 07:58:28,488 INFO o.a.j.s.SaveService: Testplan (JMX) version: 2.2. Testlog (JTL) version: 2.2
2022-02-25 07:58:28,644 INFO o.a.j.s.SaveService: Using SaveService properties file encoding UTF-8
2022-02-25 07:58:28,647 INFO o.a.j.s.SaveService: Using SaveService properties version 5.0
2022-02-25 07:58:28,653 INFO o.a.j.s.SaveService: Loading file: D:\ATG_Project\apache-jmeter-5.3\bin\Scripts\DCM\DCP_StudentDashboard_22Oct.jmx
2022-02-25 07:58:29,112 INFO o.a.j.p.h.c.CookieManager: Settings: Delete null: true Check: true Allow variable: true Save: false Prefix: COOKIE_
2022-02-25 07:58:29,115 INFO o.a.j.p.h.c.CacheManager: Will only cache the following methods: [GET]
2022-02-25 07:58:29,131 INFO o.a.j.p.h.s.HTTPSamplerBase: Parser for text/html is org.apache.jmeter.protocol.http.parser.LagartoBasedHtmlParser
2022-02-25 07:58:29,131 INFO o.a.j.p.h.s.HTTPSamplerBase: Parser for application/xhtml+xml is org.apache.jmeter.protocol.http.parser.LagartoBasedHtmlParser
2022-02-25 07:58:29,132 INFO o.a.j.p.h.s.HTTPSamplerBase: Parser for application/xml is org.apache.jmeter.protocol.http.parser.LagartoBasedHtmlParser
2022-02-25 07:58:29,132 INFO o.a.j.p.h.s.HTTPSamplerBase: Parser for text/xml is org.apache.jmeter.protocol.http.parser.LagartoBasedHtmlParser
2022-02-25 07:58:29,132 INFO o.a.j.p.h.s.HTTPSamplerBase: Parser for text/vnd.wap.wml is org.apache.jmeter.protocol.http.parser.RegexpHTMLParser
2022-02-25 07:58:29,134 INFO o.a.j.p.h.s.HTTPSamplerBase: Parser for text/css is org.apache.jmeter.protocol.http.parser.CssParser
2022-02-25 07:58:29,229 INFO o.j.r.JARSourceHTTP: Requesting https://jmeter-plugins.org/repo/?installID=windows_10-003cef6da183f2b68a3fc5f13588bcaf-gui
2022-02-25 07:58:29,396 INFO o.a.j.s.FileServer: Set new base='D:\ATG_Project\apache-jmeter-5.3\bin\Scripts\DCM'
2022-02-25 07:58:30,058 INFO o.a.j.s.SampleResult: Note: Sample TimeStamps are START times
2022-02-25 07:58:30,058 INFO o.a.j.s.SampleResult: sampleresult.default.encoding is set to ISO-8859-1
2022-02-25 07:58:30,058 INFO o.a.j.s.SampleResult: sampleresult.useNanoTime=true
2022-02-25 07:58:30,058 INFO o.a.j.s.SampleResult: sampleresult.nanoThreadSleep=5000
2022-02-25 07:58:33,510 WARN o.a.j.g.ObjectTableModel: Header count=13 but classes count=11
2022-02-25 07:58:33,511 WARN o.a.j.g.ObjectTableModel: Header count=13 but writeFunctor count=11
2022-02-25 07:58:36,810 INFO o.j.r.PluginManager: Plugins Status: [jpgc-graphs-basic=2.0, jpgc-graphs-additional=2.0, jpgc-csl=0.1, jpgc-functions=2.1, jpgc-casutg=2.10, jpgc-dummy=0.4, jmeter.backendlistener.elasticsearch=2.7.0, jpgc-filterresults=2.2, bzm-parallel=0.11, jpgc-prmctl=0.4, jpgc-perfmon=2.1, jpgc-plugins-manager=1.7, bzm-random-csv=0.8, jpgc-webdriver=3.3, jpgc-synthesis=2.2, jpgc-tst=2.5, jpgc-csvars=0.1, websocket-sampler=1.0.2-SNAPSHOT, websocket-samplers=1.2.8, jmeter-core=5.3, jmeter-ftp=5.3, jmeter-http=5.3, jmeter-jdbc=5.3, jmeter-jms=5.3, jmeter-junit=5.3, jmeter-java=5.3, jmeter-ldap=5.3, jmeter-mail=5.3, jmeter-mongodb=5.3, jmeter-native=5.3, jmeter-tcp=5.3, jmeter-components=5.3]
2022-02-25 08:00:25,907 INFO o.a.j.e.u.CompoundVariable: Note: Function class names must contain the string: '.functions.'
2022-02-25 08:00:25,907 INFO o.a.j.e.u.CompoundVariable: Note: Function class names must not contain the string: '.gui.'
2022-02-25 08:00:26,345 INFO c.b.c.RandomCSVReader: Start reading the file: D:\ATG_Project\apache-jmeter-5.3\bin\Scripts\EPIC\NewChangeEPIC\New_ImporterNumber_18Feb.csv
2022-02-25 08:00:26,352 INFO c.b.c.RandomCSVReader: Reading finished. Found 116 records in your csv file
2022-02-25 08:00:27,650 INFO c.b.c.RandomCSVReader: Start reading the file: D:\ATG_Project\apache-jmeter-5.3\bin\Scripts\EPIC\NewChangeEPIC\New_ImporterNumber_18Feb.csv
2022-02-25 08:00:27,651 INFO c.b.c.RandomCSVReader: Reading finished. Found 116 records in your csv file
2022-02-25 08:00:36,035 INFO c.b.c.RandomCSVReader: Start reading the file: D:\ATG_Project\apache-jmeter-5.3\bin\Scripts\EPIC\NewChangeEPIC\New_ImporterNumber_18Feb.csv
2022-02-25 08:00:36,036 INFO c.b.c.RandomCSVReader: Reading finished. Found 116 records in your csv file
2022-02-25 08:00:36,619 INFO c.b.c.RandomCSVReader: Start reading the file: D:\ATG_Project\apache-jmeter-5.3\bin\Scripts\EPIC\NewChangeEPIC\New_ImporterNumber_18Feb.csv
2022-02-25 08:00:36,619 INFO c.b.c.RandomCSVReader: Reading finished. Found 116 records in your csv file
2022-02-25 08:00:37,130 INFO c.b.c.RandomCSVReader: Start reading the file: D:\ATG_Project\apache-jmeter-5.3\bin\Scripts\EPIC\NewChangeEPIC\New_ImporterNumber_18Feb.csv
2022-02-25 08:00:37,131 INFO c.b.c.RandomCSVReader: Reading finished. Found 116 records in your csv file
2022-02-25 08:00:37,962 INFO c.b.c.RandomCSVReader: Start reading the file: D:\ATG_Project\apache-jmeter-5.3\bin\Scripts\EPIC\NewChangeEPIC\New_ImporterNumber_18Feb.csv
2022-02-25 08:00:37,963 INFO c.b.c.RandomCSVReader: Reading finished. Found 116 records in your csv file
2022-02-25 08:00:38,874 INFO c.b.c.RandomCSVReader: Start reading the file: D:\ATG_Project\apache-jmeter-5.3\bin\Scripts\EPIC\NewChangeEPIC\New_ImporterNumber_18Feb.csv
2022-02-25 08:00:38,874 INFO c.b.c.RandomCSVReader: Reading finished. Found 116 records in your csv file
2022-02-25 08:02:31,299 INFO c.b.c.RandomCSVReader: Start reading the file: D:\ATG_Project\apache-jmeter-5.3\bin\Scripts\EPIC\NewChangeEPIC\New_ImporterNumber_18Feb.csv
2022-02-25 08:02:31,299 INFO c.b.c.RandomCSVReader: Reading finished. Found 116 records in your csv file
2022-02-25 08:03:00,826 INFO c.b.c.RandomCSVReader: Start reading the file: D:\ATG_Project\apache-jmeter-5.3\bin\Scripts\EPIC\NewChangeEPIC\New_ImporterNumber_18Feb.csv
2022-02-25 08:03:00,827 INFO c.b.c.RandomCSVReader: Reading finished. Found 116 records in your csv file
2022-02-25 08:03:01,675 INFO c.b.c.RandomCSVReader: Start reading the file: D:\ATG_Project\apache-jmeter-5.3\bin\Scripts\EPIC\NewChangeEPIC\New_ImporterNumber_18Feb.csv
2022-02-25 08:03:01,676 INFO c.b.c.RandomCSVReader: Reading finished. Found 116 records in your csv file
2022-02-25 08:03:03,394 INFO c.b.c.RandomCSVReader: Start reading the file: D:\ATG_Project\apache-jmeter-5.3\bin\Scripts\EPIC\NewChangeEPIC\New_ImporterNumber_18Feb.csv
2022-02-25 08:03:03,395 INFO c.b.c.RandomCSVReader: Reading finished. Found 116 records in your csv file
2022-02-25 08:03:03,962 INFO c.b.c.RandomCSVReader: Start reading the file: D:\ATG_Project\apache-jmeter-5.3\bin\Scripts\EPIC\NewChangeEPIC\New_ImporterNumber_18Feb.csv
2022-02-25 08:03:03,963 INFO c.b.c.RandomCSVReader: Reading finished. Found 116 records in your csv file
2022-02-25 08:03:05,378 INFO c.b.c.RandomCSVReader: Start reading the file: D:\ATG_Project\apache-jmeter-5.3\bin\Scripts\EPIC\NewChangeEPIC\New_ImporterNumber_18Feb.csv
2022-02-25 08:03:05,380 INFO c.b.c.RandomCSVReader: Reading finished. Found 116 records in your csv file
